<?xml version="1.0" encoding="UTF-8"?>
<!-- Generated by org.testng.reporters.JUnitReportReporter -->
<testsuite hostname="DESKTOP-3E7FAE3" failures="0" tests="1" name="Pkg_Extent.logindatadriven" time="0.000" errors="0" timestamp="2023-07-04T12:39:45 BST" skipped="1">
  <testcase classname="Pkg_Extent.logindatadriven" name="loginTest" time="0.000">
    <skipped/>
  </testcase> <!-- loginTest -->
  <system-out/>
</testsuite> <!-- Pkg_Extent.logindatadriven -->
