<?xml version="1.0" encoding="UTF-8"?>
<!-- Generated by org.testng.reporters.JUnitReportReporter -->
<testsuite hostname="DESKTOP-3E7FAE3" failures="0" tests="16" name="Pkg_Extent.logintest" time="47.843" errors="0" timestamp="2023-07-04T13:18:10 BST" skipped="0">
  <testcase classname="Pkg_Extent.logintest" name="tc_015" time="1.288"/>
  <system-out/>
  <testcase classname="Pkg_Extent.logintest" name="tc_001" time="11.242"/>
  <system-out/>
  <testcase classname="Pkg_Extent.logintest" name="tc_008" time="1.329"/>
  <system-out/>
  <testcase classname="Pkg_Extent.logintest" name="tc_004" time="1.358"/>
  <system-out/>
  <testcase classname="Pkg_Extent.logintest" name="tc_014" time="1.330"/>
  <system-out/>
  <testcase classname="Pkg_Extent.logintest" name="tc_000" time="0.200"/>
  <system-out/>
  <testcase classname="Pkg_Extent.logintest" name="tc_003" time="1.645"/>
  <system-out/>
  <testcase classname="Pkg_Extent.logintest" name="tc_005" time="1.360"/>
  <system-out/>
  <testcase classname="Pkg_Extent.logintest" name="tc_009" time="8.144"/>
  <system-out/>
  <testcase classname="Pkg_Extent.logintest" name="tc_002" time="5.077"/>
  <system-out/>
  <testcase classname="Pkg_Extent.logintest" name="tc_013" time="1.341"/>
  <system-out/>
  <testcase classname="Pkg_Extent.logintest" name="tc_006" time="1.277"/>
  <system-out/>
  <testcase classname="Pkg_Extent.logintest" name="tc_007" time="1.342"/>
  <system-out/>
  <testcase classname="Pkg_Extent.logintest" name="tc_010" time="1.890"/>
  <system-out/>
  <testcase classname="Pkg_Extent.logintest" name="tc_011" time="1.360"/>
  <system-out/>
  <testcase classname="Pkg_Extent.logintest" name="tc_012" time="7.660"/>
  <system-out/>
</testsuite> <!-- Pkg_Extent.logintest -->
