<?xml version="1.0" encoding="UTF-8"?>
<!-- Generated by org.testng.reporters.JUnitReportReporter -->
<testsuite hostname="DESKTOP-3E7FAE3" failures="0" tests="4" name="Pkg_Extent.LoginTestWithMultipleSetOfData" time="44.713" errors="0" timestamp="2023-06-19T07:32:12 BST" skipped="0">
  <testcase classname="Pkg_Extent.LoginTestWithMultipleSetOfData" name="tc_001" time="10.786"/>
  <system-out/>
  <testcase classname="Pkg_Extent.LoginTestWithMultipleSetOfData" name="tc_001" time="10.525"/>
  <system-out/>
  <testcase classname="Pkg_Extent.LoginTestWithMultipleSetOfData" name="tc_001" time="13.090"/>
  <system-out/>
  <testcase classname="Pkg_Extent.LoginTestWithMultipleSetOfData" name="tc_001" time="10.312"/>
  <system-out/>
</testsuite> <!-- Pkg_Extent.LoginTestWithMultipleSetOfData -->
